<?xml version="1.0" encoding="UTF-8"?>
<!-- Generated by org.testng.reporters.JUnitXMLReporter -->
<testsuite hostname="LAPTOP-0KH9H061" ignored="0" name="Test" tests="6" failures="0" timestamp="2023-04-05T13:14:49 IST" time="0.053" errors="0">
  <testcase name="testcase1" time="0.005" classname="task1.TestingClass1"/>
  <testcase name="testcase2" time="0.001" classname="task1.TestingClass1"/>
  <testcase name="testcase1" time="0.001" classname="task2.TestingClass1"/>
  <testcase name="testcase2" time="0.001" classname="task2.TestingClass1"/>
  <testcase name="testcase1" time="0.001" classname="task2.TestingClass2"/>
  <testcase name="testcase2" time="0.002" classname="task2.TestingClass2"/>
</testsuite> <!-- Test -->
