<?xml version="1.0" encoding="UTF-8"?>
<testng-results skipped="0" failed="0" ignored="0" total="3" passed="3">
  <reporter-output>
  </reporter-output>
  <suite name="Default suite" duration-ms="47077" started-at="2023-04-05T16:05:12 IST" finished-at="2023-04-05T16:05:59 IST">
    <groups>
    </groups>
    <test name="Default test" duration-ms="47077" started-at="2023-04-05T16:05:12 IST" finished-at="2023-04-05T16:05:59 IST">
      <class name="task5.DataDrivenTest">
        <test-method status="PASS" signature="invokeBrowser()[pri:0, instance:task5.DataDrivenTest@6325a3ee]" name="invokeBrowser" is-config="true" duration-ms="11678" started-at="2023-04-05T16:05:12 IST" finished-at="2023-04-05T16:05:24 IST">
          <reporter-output>
          </reporter-output>
        </test-method> <!-- invokeBrowser -->
        <test-method status="PASS" signature="loginToApp(java.lang.String, java.lang.String)[pri:0, instance:task5.DataDrivenTest@6325a3ee]" name="loginToApp" duration-ms="6219" started-at="2023-04-05T16:05:24 IST" data-provider="getData" finished-at="2023-04-05T16:05:30 IST">
          <params>
            <param index="0">
              <value>
                <![CDATA[mngr490814]]>
              </value>
            </param>
            <param index="1">
              <value>
                <![CDATA[gAdeseb]]>
              </value>
            </param>
          </params>
          <reporter-output>
          </reporter-output>
        </test-method> <!-- loginToApp -->
        <test-method status="PASS" signature="closeBrowser()[pri:0, instance:task5.DataDrivenTest@6325a3ee]" name="closeBrowser" is-config="true" duration-ms="1471" started-at="2023-04-05T16:05:30 IST" finished-at="2023-04-05T16:05:32 IST">
          <reporter-output>
          </reporter-output>
        </test-method> <!-- closeBrowser -->
        <test-method status="PASS" signature="invokeBrowser()[pri:0, instance:task5.DataDrivenTest@6325a3ee]" name="invokeBrowser" is-config="true" duration-ms="11105" started-at="2023-04-05T16:05:32 IST" finished-at="2023-04-05T16:05:43 IST">
          <reporter-output>
          </reporter-output>
        </test-method> <!-- invokeBrowser -->
        <test-method status="PASS" signature="loginToApp(java.lang.String, java.lang.String)[pri:0, instance:task5.DataDrivenTest@6325a3ee]" name="loginToApp" duration-ms="2464" started-at="2023-04-05T16:05:43 IST" data-provider="getData" finished-at="2023-04-05T16:05:45 IST">
          <params>
            <param index="0">
              <value>
                <![CDATA[mngr490814]]>
              </value>
            </param>
            <param index="1">
              <value>
                <![CDATA[gAdeseb]]>
              </value>
            </param>
          </params>
          <reporter-output>
          </reporter-output>
        </test-method> <!-- loginToApp -->
        <test-method status="PASS" signature="closeBrowser()[pri:0, instance:task5.DataDrivenTest@6325a3ee]" name="closeBrowser" is-config="true" duration-ms="823" started-at="2023-04-05T16:05:45 IST" finished-at="2023-04-05T16:05:46 IST">
          <reporter-output>
          </reporter-output>
        </test-method> <!-- closeBrowser -->
        <test-method status="PASS" signature="invokeBrowser()[pri:0, instance:task5.DataDrivenTest@6325a3ee]" name="invokeBrowser" is-config="true" duration-ms="10132" started-at="2023-04-05T16:05:46 IST" finished-at="2023-04-05T16:05:56 IST">
          <reporter-output>
          </reporter-output>
        </test-method> <!-- invokeBrowser -->
        <test-method status="PASS" signature="loginToApp(java.lang.String, java.lang.String)[pri:0, instance:task5.DataDrivenTest@6325a3ee]" name="loginToApp" duration-ms="2010" started-at="2023-04-05T16:05:56 IST" data-provider="getData" finished-at="2023-04-05T16:05:58 IST">
          <params>
            <param index="0">
              <value>
                <![CDATA[mngr490814]]>
              </value>
            </param>
            <param index="1">
              <value>
                <![CDATA[gAdeseb]]>
              </value>
            </param>
          </params>
          <reporter-output>
          </reporter-output>
        </test-method> <!-- loginToApp -->
        <test-method status="PASS" signature="closeBrowser()[pri:0, instance:task5.DataDrivenTest@6325a3ee]" name="closeBrowser" is-config="true" duration-ms="1129" started-at="2023-04-05T16:05:58 IST" finished-at="2023-04-05T16:05:59 IST">
          <reporter-output>
          </reporter-output>
        </test-method> <!-- closeBrowser -->
      </class> <!-- task5.DataDrivenTest -->
    </test> <!-- Default test -->
  </suite> <!-- Default suite -->
</testng-results>
