<?xml version="1.0" encoding="UTF-8"?>
<!-- Generated by org.testng.reporters.JUnitXMLReporter -->
<testsuite hostname="LAPTOP-0KH9H061" ignored="0" name="Default test" tests="3" failures="0" timestamp="2023-04-05T16:05:59 IST" time="47.077" errors="0">
  <testcase name="loginToApp" time="6.219" classname="task5.DataDrivenTest"/>
  <testcase name="loginToApp" time="2.464" classname="task5.DataDrivenTest"/>
  <testcase name="loginToApp" time="2.01" classname="task5.DataDrivenTest"/>
</testsuite> <!-- Default test -->
